2024-09-09T12:10:06.458+09:00  INFO 8080 --- [main] web.AppStart                             : Starting AppStart using Java 17.0.11 with PID 8080 (C:\Users\tj-bu-703-008\Desktop\tj_2024A_springpy\build\classes\java\main started by tj-bu-703-008 in C:\Users\tj-bu-703-008\Desktop\tj_2024A_springpy)
2024-09-09T12:10:06.494+09:00  INFO 8080 --- [main] web.AppStart                             : No active profile set, falling back to 1 default profile: "default"
2024-09-09T12:10:07.726+09:00  WARN 8080 --- [main] o.m.s.mapper.ClassPathMapperScanner      : No MyBatis mapper was found in '[web]' package. Please check your configuration.
2024-09-09T12:10:08.413+09:00  INFO 8080 --- [main] o.s.b.w.embedded.tomcat.TomcatWebServer  : Tomcat initialized with port 8080 (http)
2024-09-09T12:10:08.435+09:00  INFO 8080 --- [main] o.apache.catalina.core.StandardService   : Starting service [Tomcat]
2024-09-09T12:10:08.436+09:00  INFO 8080 --- [main] o.apache.catalina.core.StandardEngine    : Starting Servlet engine: [Apache Tomcat/10.1.28]
2024-09-09T12:10:08.539+09:00  INFO 8080 --- [main] o.a.c.c.C.[Tomcat].[localhost].[/]       : Initializing Spring embedded WebApplicationContext
2024-09-09T12:10:08.540+09:00  INFO 8080 --- [main] w.s.c.ServletWebServerApplicationContext : Root WebApplicationContext: initialization completed in 1942 ms
2024-09-09T12:10:09.438+09:00  INFO 8080 --- [main] com.zaxxer.hikari.HikariDataSource       : HikariPool-1 - Starting...
2024-09-09T12:10:09.834+09:00  INFO 8080 --- [main] com.zaxxer.hikari.pool.HikariPool        : HikariPool-1 - Added connection com.mysql.cj.jdbc.ConnectionImpl@21f7e537
2024-09-09T12:10:09.837+09:00  INFO 8080 --- [main] com.zaxxer.hikari.HikariDataSource       : HikariPool-1 - Start completed.
2024-09-09T12:10:10.143+09:00  INFO 8080 --- [main] o.s.b.w.embedded.tomcat.TomcatWebServer  : Tomcat started on port 8080 (http) with context path '/'
2024-09-09T12:10:10.158+09:00  INFO 8080 --- [main] web.AppStart                             : Started AppStart in 4.333 seconds (process running for 6.396)
2024-09-09T12:10:10.315+09:00  INFO 8080 --- [http-nio-8080-exec-1] o.a.c.c.C.[Tomcat].[localhost].[/]       : Initializing Spring DispatcherServlet 'dispatcherServlet'
2024-09-09T12:17:55.392+09:00  INFO 7768 --- [main] web.AppStart                             : Starting AppStart using Java 17.0.11 with PID 7768 (C:\Users\tj-bu-703-008\Desktop\tj_2024A_springpy\build\classes\java\main started by tj-bu-703-008 in C:\Users\tj-bu-703-008\Desktop\tj_2024A_springpy)
2024-09-09T12:17:55.403+09:00  INFO 7768 --- [main] web.AppStart                             : No active profile set, falling back to 1 default profile: "default"
2024-09-09T12:17:56.413+09:00  WARN 7768 --- [main] o.m.s.mapper.ClassPathMapperScanner      : No MyBatis mapper was found in '[web]' package. Please check your configuration.
2024-09-09T12:17:57.092+09:00  INFO 7768 --- [main] o.s.b.w.embedded.tomcat.TomcatWebServer  : Tomcat initialized with port 8080 (http)
2024-09-09T12:17:57.110+09:00  INFO 7768 --- [main] o.apache.catalina.core.StandardService   : Starting service [Tomcat]
2024-09-09T12:17:57.110+09:00  INFO 7768 --- [main] o.apache.catalina.core.StandardEngine    : Starting Servlet engine: [Apache Tomcat/10.1.28]
2024-09-09T12:17:57.191+09:00  INFO 7768 --- [main] o.a.c.c.C.[Tomcat].[localhost].[/]       : Initializing Spring embedded WebApplicationContext
2024-09-09T12:17:57.192+09:00  INFO 7768 --- [main] w.s.c.ServletWebServerApplicationContext : Root WebApplicationContext: initialization completed in 1691 ms
2024-09-09T12:17:57.883+09:00  INFO 7768 --- [main] com.zaxxer.hikari.HikariDataSource       : HikariPool-1 - Starting...
2024-09-09T12:17:58.352+09:00  INFO 7768 --- [main] com.zaxxer.hikari.pool.HikariPool        : HikariPool-1 - Added connection com.mysql.cj.jdbc.ConnectionImpl@60b5e80d
2024-09-09T12:17:58.354+09:00  INFO 7768 --- [main] com.zaxxer.hikari.HikariDataSource       : HikariPool-1 - Start completed.
2024-09-09T12:17:58.785+09:00  INFO 7768 --- [main] o.s.b.w.embedded.tomcat.TomcatWebServer  : Tomcat started on port 8080 (http) with context path '/'
2024-09-09T12:17:58.806+09:00  INFO 7768 --- [main] web.AppStart                             : Started AppStart in 4.034 seconds (process running for 4.497)
2024-09-09T12:17:59.589+09:00  INFO 7768 --- [http-nio-8080-exec-1] o.a.c.c.C.[Tomcat].[localhost].[/]       : Initializing Spring DispatcherServlet 'dispatcherServlet'
2024-09-09T12:19:07.767+09:00  INFO 7472 --- [main] web.AppStart                             : Starting AppStart using Java 17.0.11 with PID 7472 (C:\Users\tj-bu-703-008\Desktop\tj_2024A_springpy\build\classes\java\main started by tj-bu-703-008 in C:\Users\tj-bu-703-008\Desktop\tj_2024A_springpy)
2024-09-09T12:19:07.773+09:00  INFO 7472 --- [main] web.AppStart                             : No active profile set, falling back to 1 default profile: "default"
2024-09-09T12:19:08.630+09:00  WARN 7472 --- [main] o.m.s.mapper.ClassPathMapperScanner      : No MyBatis mapper was found in '[web]' package. Please check your configuration.
2024-09-09T12:19:09.182+09:00  INFO 7472 --- [main] o.s.b.w.embedded.tomcat.TomcatWebServer  : Tomcat initialized with port 8080 (http)
2024-09-09T12:19:09.204+09:00  INFO 7472 --- [main] o.apache.catalina.core.StandardService   : Starting service [Tomcat]
2024-09-09T12:19:09.204+09:00  INFO 7472 --- [main] o.apache.catalina.core.StandardEngine    : Starting Servlet engine: [Apache Tomcat/10.1.28]
2024-09-09T12:19:09.282+09:00  INFO 7472 --- [main] o.a.c.c.C.[Tomcat].[localhost].[/]       : Initializing Spring embedded WebApplicationContext
2024-09-09T12:19:09.283+09:00  INFO 7472 --- [main] w.s.c.ServletWebServerApplicationContext : Root WebApplicationContext: initialization completed in 1433 ms
2024-09-09T12:19:09.933+09:00  INFO 7472 --- [main] com.zaxxer.hikari.HikariDataSource       : HikariPool-1 - Starting...
2024-09-09T12:19:10.416+09:00  INFO 7472 --- [main] com.zaxxer.hikari.pool.HikariPool        : HikariPool-1 - Added connection com.mysql.cj.jdbc.ConnectionImpl@4d518c66
2024-09-09T12:19:10.418+09:00  INFO 7472 --- [main] com.zaxxer.hikari.HikariDataSource       : HikariPool-1 - Start completed.
2024-09-09T12:19:10.670+09:00  INFO 7472 --- [main] o.s.b.w.embedded.tomcat.TomcatWebServer  : Tomcat started on port 8080 (http) with context path '/'
2024-09-09T12:19:10.698+09:00  INFO 7472 --- [main] web.AppStart                             : Started AppStart in 3.529 seconds (process running for 4.016)
2024-09-09T12:19:11.466+09:00  INFO 7472 --- [http-nio-8080-exec-1] o.a.c.c.C.[Tomcat].[localhost].[/]       : Initializing Spring DispatcherServlet 'dispatcherServlet'
2024-09-09T12:20:36.311+09:00  INFO 7140 --- [main] web.AppStart                             : Starting AppStart using Java 17.0.11 with PID 7140 (C:\Users\tj-bu-703-008\Desktop\tj_2024A_springpy\build\classes\java\main started by tj-bu-703-008 in C:\Users\tj-bu-703-008\Desktop\tj_2024A_springpy)
2024-09-09T12:20:36.321+09:00  INFO 7140 --- [main] web.AppStart                             : No active profile set, falling back to 1 default profile: "default"
2024-09-09T12:20:37.207+09:00  WARN 7140 --- [main] o.m.s.mapper.ClassPathMapperScanner      : No MyBatis mapper was found in '[web]' package. Please check your configuration.
2024-09-09T12:20:37.930+09:00  INFO 7140 --- [main] o.s.b.w.embedded.tomcat.TomcatWebServer  : Tomcat initialized with port 8080 (http)
2024-09-09T12:20:37.949+09:00  INFO 7140 --- [main] o.apache.catalina.core.StandardService   : Starting service [Tomcat]
2024-09-09T12:20:37.950+09:00  INFO 7140 --- [main] o.apache.catalina.core.StandardEngine    : Starting Servlet engine: [Apache Tomcat/10.1.28]
2024-09-09T12:20:38.132+09:00  INFO 7140 --- [main] o.a.c.c.C.[Tomcat].[localhost].[/]       : Initializing Spring embedded WebApplicationContext
2024-09-09T12:20:38.133+09:00  INFO 7140 --- [main] w.s.c.ServletWebServerApplicationContext : Root WebApplicationContext: initialization completed in 1737 ms
2024-09-09T12:20:39.027+09:00  INFO 7140 --- [main] com.zaxxer.hikari.HikariDataSource       : HikariPool-1 - Starting...
2024-09-09T12:20:39.448+09:00  INFO 7140 --- [main] com.zaxxer.hikari.pool.HikariPool        : HikariPool-1 - Added connection com.mysql.cj.jdbc.ConnectionImpl@46394f65
2024-09-09T12:20:39.451+09:00  INFO 7140 --- [main] com.zaxxer.hikari.HikariDataSource       : HikariPool-1 - Start completed.
2024-09-09T12:20:39.672+09:00  INFO 7140 --- [main] o.s.b.w.embedded.tomcat.TomcatWebServer  : Tomcat started on port 8080 (http) with context path '/'
2024-09-09T12:20:39.685+09:00  INFO 7140 --- [main] web.AppStart                             : Started AppStart in 3.931 seconds (process running for 4.433)
2024-09-09T12:20:39.999+09:00  INFO 7140 --- [http-nio-8080-exec-1] o.a.c.c.C.[Tomcat].[localhost].[/]       : Initializing Spring DispatcherServlet 'dispatcherServlet'
2024-09-09T12:20:59.047+09:00  INFO 11532 --- [main] web.AppStart                             : Starting AppStart using Java 17.0.11 with PID 11532 (C:\Users\tj-bu-703-008\Desktop\tj_2024A_springpy\build\classes\java\main started by tj-bu-703-008 in C:\Users\tj-bu-703-008\Desktop\tj_2024A_springpy)
2024-09-09T12:20:59.057+09:00  INFO 11532 --- [main] web.AppStart                             : No active profile set, falling back to 1 default profile: "default"
2024-09-09T12:21:00.017+09:00  WARN 11532 --- [main] o.m.s.mapper.ClassPathMapperScanner      : No MyBatis mapper was found in '[web]' package. Please check your configuration.
2024-09-09T12:21:00.605+09:00  INFO 11532 --- [main] o.s.b.w.embedded.tomcat.TomcatWebServer  : Tomcat initialized with port 8080 (http)
2024-09-09T12:21:00.626+09:00  INFO 11532 --- [main] o.apache.catalina.core.StandardService   : Starting service [Tomcat]
2024-09-09T12:21:00.627+09:00  INFO 11532 --- [main] o.apache.catalina.core.StandardEngine    : Starting Servlet engine: [Apache Tomcat/10.1.28]
2024-09-09T12:21:00.716+09:00  INFO 11532 --- [main] o.a.c.c.C.[Tomcat].[localhost].[/]       : Initializing Spring embedded WebApplicationContext
2024-09-09T12:21:00.717+09:00  INFO 11532 --- [main] w.s.c.ServletWebServerApplicationContext : Root WebApplicationContext: initialization completed in 1595 ms
2024-09-09T12:21:01.496+09:00  INFO 11532 --- [main] com.zaxxer.hikari.HikariDataSource       : HikariPool-1 - Starting...
2024-09-09T12:21:01.885+09:00  INFO 11532 --- [main] com.zaxxer.hikari.pool.HikariPool        : HikariPool-1 - Added connection com.mysql.cj.jdbc.ConnectionImpl@26be9a6
2024-09-09T12:21:01.887+09:00  INFO 11532 --- [main] com.zaxxer.hikari.HikariDataSource       : HikariPool-1 - Start completed.
2024-09-09T12:21:04.955+09:00  INFO 11532 --- [main] o.s.b.w.embedded.tomcat.TomcatWebServer  : Tomcat started on port 8080 (http) with context path '/'
2024-09-09T12:21:04.972+09:00  INFO 11532 --- [main] web.AppStart                             : Started AppStart in 6.486 seconds (process running for 6.97)
2024-09-09T12:21:05.082+09:00  INFO 11532 --- [http-nio-8080-exec-1] o.a.c.c.C.[Tomcat].[localhost].[/]       : Initializing Spring DispatcherServlet 'dispatcherServlet'
2024-09-09T12:22:38.193+09:00  INFO 11612 --- [main] web.AppStart                             : Starting AppStart using Java 17.0.11 with PID 11612 (C:\Users\tj-bu-703-008\Desktop\tj_2024A_springpy\build\classes\java\main started by tj-bu-703-008 in C:\Users\tj-bu-703-008\Desktop\tj_2024A_springpy)
2024-09-09T12:22:38.197+09:00  INFO 11612 --- [main] web.AppStart                             : No active profile set, falling back to 1 default profile: "default"
2024-09-09T12:22:39.073+09:00  WARN 11612 --- [main] o.m.s.mapper.ClassPathMapperScanner      : No MyBatis mapper was found in '[web]' package. Please check your configuration.
2024-09-09T12:22:39.664+09:00  INFO 11612 --- [main] o.s.b.w.embedded.tomcat.TomcatWebServer  : Tomcat initialized with port 8080 (http)
2024-09-09T12:22:39.682+09:00  INFO 11612 --- [main] o.apache.catalina.core.StandardService   : Starting service [Tomcat]
2024-09-09T12:22:39.682+09:00  INFO 11612 --- [main] o.apache.catalina.core.StandardEngine    : Starting Servlet engine: [Apache Tomcat/10.1.28]
2024-09-09T12:22:39.770+09:00  INFO 11612 --- [main] o.a.c.c.C.[Tomcat].[localhost].[/]       : Initializing Spring embedded WebApplicationContext
2024-09-09T12:22:39.770+09:00  INFO 11612 --- [main] w.s.c.ServletWebServerApplicationContext : Root WebApplicationContext: initialization completed in 1489 ms
2024-09-09T12:22:40.565+09:00  INFO 11612 --- [main] com.zaxxer.hikari.HikariDataSource       : HikariPool-1 - Starting...
2024-09-09T12:22:40.939+09:00  INFO 11612 --- [main] com.zaxxer.hikari.pool.HikariPool        : HikariPool-1 - Added connection com.mysql.cj.jdbc.ConnectionImpl@251d7fdd
2024-09-09T12:22:40.941+09:00  INFO 11612 --- [main] com.zaxxer.hikari.HikariDataSource       : HikariPool-1 - Start completed.
2024-09-09T12:22:41.180+09:00  INFO 11612 --- [main] o.s.b.w.embedded.tomcat.TomcatWebServer  : Tomcat started on port 8080 (http) with context path '/'
2024-09-09T12:22:41.194+09:00  INFO 11612 --- [main] web.AppStart                             : Started AppStart in 3.568 seconds (process running for 3.991)
2024-09-09T12:22:41.351+09:00  INFO 11612 --- [http-nio-8080-exec-1] o.a.c.c.C.[Tomcat].[localhost].[/]       : Initializing Spring DispatcherServlet 'dispatcherServlet'
2024-09-09T12:43:40.869+09:00  INFO 5136 --- [main] web.AppStart                             : Starting AppStart using Java 17.0.11 with PID 5136 (C:\Users\tj-bu-703-008\Desktop\tj_2024A_springpy\build\classes\java\main started by tj-bu-703-008 in C:\Users\tj-bu-703-008\Desktop\tj_2024A_springpy)
2024-09-09T12:43:40.877+09:00  INFO 5136 --- [main] web.AppStart                             : No active profile set, falling back to 1 default profile: "default"
2024-09-09T12:43:41.874+09:00  WARN 5136 --- [main] o.m.s.mapper.ClassPathMapperScanner      : No MyBatis mapper was found in '[web]' package. Please check your configuration.
2024-09-09T12:43:42.556+09:00  INFO 5136 --- [main] o.s.b.w.embedded.tomcat.TomcatWebServer  : Tomcat initialized with port 8080 (http)
2024-09-09T12:43:42.572+09:00  INFO 5136 --- [main] o.apache.catalina.core.StandardService   : Starting service [Tomcat]
2024-09-09T12:43:42.573+09:00  INFO 5136 --- [main] o.apache.catalina.core.StandardEngine    : Starting Servlet engine: [Apache Tomcat/10.1.28]
2024-09-09T12:43:42.660+09:00  INFO 5136 --- [main] o.a.c.c.C.[Tomcat].[localhost].[/]       : Initializing Spring embedded WebApplicationContext
2024-09-09T12:43:42.660+09:00  INFO 5136 --- [main] w.s.c.ServletWebServerApplicationContext : Root WebApplicationContext: initialization completed in 1701 ms
2024-09-09T12:43:43.361+09:00  INFO 5136 --- [main] com.zaxxer.hikari.HikariDataSource       : HikariPool-1 - Starting...
2024-09-09T12:43:43.768+09:00  INFO 5136 --- [main] com.zaxxer.hikari.pool.HikariPool        : HikariPool-1 - Added connection com.mysql.cj.jdbc.ConnectionImpl@251d7fdd
2024-09-09T12:43:43.771+09:00  INFO 5136 --- [main] com.zaxxer.hikari.HikariDataSource       : HikariPool-1 - Start completed.
2024-09-09T12:43:44.024+09:00  INFO 5136 --- [main] o.s.b.w.embedded.tomcat.TomcatWebServer  : Tomcat started on port 8080 (http) with context path '/'
2024-09-09T12:43:44.040+09:00  INFO 5136 --- [main] web.AppStart                             : Started AppStart in 3.738 seconds (process running for 4.182)
2024-09-09T12:43:44.163+09:00  INFO 5136 --- [http-nio-8080-exec-1] o.a.c.c.C.[Tomcat].[localhost].[/]       : Initializing Spring DispatcherServlet 'dispatcherServlet'
2024-09-09T12:50:36.273+09:00  INFO 5124 --- [main] web.AppStart                             : Starting AppStart using Java 17.0.11 with PID 5124 (C:\Users\tj-bu-703-008\Desktop\tj_2024A_springpy\build\classes\java\main started by tj-bu-703-008 in C:\Users\tj-bu-703-008\Desktop\tj_2024A_springpy)
2024-09-09T12:50:36.276+09:00  INFO 5124 --- [main] web.AppStart                             : No active profile set, falling back to 1 default profile: "default"
2024-09-09T12:50:37.190+09:00  WARN 5124 --- [main] o.m.s.mapper.ClassPathMapperScanner      : No MyBatis mapper was found in '[web]' package. Please check your configuration.
2024-09-09T12:50:37.862+09:00  INFO 5124 --- [main] o.s.b.w.embedded.tomcat.TomcatWebServer  : Tomcat initialized with port 8080 (http)
2024-09-09T12:50:37.879+09:00  INFO 5124 --- [main] o.apache.catalina.core.StandardService   : Starting service [Tomcat]
2024-09-09T12:50:37.879+09:00  INFO 5124 --- [main] o.apache.catalina.core.StandardEngine    : Starting Servlet engine: [Apache Tomcat/10.1.28]
2024-09-09T12:50:37.961+09:00  INFO 5124 --- [main] o.a.c.c.C.[Tomcat].[localhost].[/]       : Initializing Spring embedded WebApplicationContext
2024-09-09T12:50:37.961+09:00  INFO 5124 --- [main] w.s.c.ServletWebServerApplicationContext : Root WebApplicationContext: initialization completed in 1612 ms
2024-09-09T12:50:38.621+09:00  INFO 5124 --- [main] com.zaxxer.hikari.HikariDataSource       : HikariPool-1 - Starting...
2024-09-09T12:50:38.989+09:00  INFO 5124 --- [main] com.zaxxer.hikari.pool.HikariPool        : HikariPool-1 - Added connection com.mysql.cj.jdbc.ConnectionImpl@251d7fdd
2024-09-09T12:50:38.991+09:00  INFO 5124 --- [main] com.zaxxer.hikari.HikariDataSource       : HikariPool-1 - Start completed.
2024-09-09T12:50:39.218+09:00  INFO 5124 --- [main] o.s.b.w.embedded.tomcat.TomcatWebServer  : Tomcat started on port 8080 (http) with context path '/'
2024-09-09T12:50:39.231+09:00  INFO 5124 --- [main] web.AppStart                             : Started AppStart in 3.584 seconds (process running for 4.052)
2024-09-09T12:50:39.361+09:00  INFO 5124 --- [http-nio-8080-exec-1] o.a.c.c.C.[Tomcat].[localhost].[/]       : Initializing Spring DispatcherServlet 'dispatcherServlet'
2024-09-09T12:51:09.854+09:00  INFO 11236 --- [main] web.AppStart                             : Starting AppStart using Java 17.0.11 with PID 11236 (C:\Users\tj-bu-703-008\Desktop\tj_2024A_springpy\build\classes\java\main started by tj-bu-703-008 in C:\Users\tj-bu-703-008\Desktop\tj_2024A_springpy)
2024-09-09T12:51:09.863+09:00  INFO 11236 --- [main] web.AppStart                             : No active profile set, falling back to 1 default profile: "default"
2024-09-09T12:51:10.769+09:00  WARN 11236 --- [main] o.m.s.mapper.ClassPathMapperScanner      : No MyBatis mapper was found in '[web]' package. Please check your configuration.
2024-09-09T12:51:11.334+09:00  INFO 11236 --- [main] o.s.b.w.embedded.tomcat.TomcatWebServer  : Tomcat initialized with port 8080 (http)
2024-09-09T12:51:11.353+09:00  INFO 11236 --- [main] o.apache.catalina.core.StandardService   : Starting service [Tomcat]
2024-09-09T12:51:11.354+09:00  INFO 11236 --- [main] o.apache.catalina.core.StandardEngine    : Starting Servlet engine: [Apache Tomcat/10.1.28]
2024-09-09T12:51:11.429+09:00  INFO 11236 --- [main] o.a.c.c.C.[Tomcat].[localhost].[/]       : Initializing Spring embedded WebApplicationContext
2024-09-09T12:51:11.430+09:00  INFO 11236 --- [main] w.s.c.ServletWebServerApplicationContext : Root WebApplicationContext: initialization completed in 1499 ms
2024-09-09T12:51:12.100+09:00  INFO 11236 --- [main] com.zaxxer.hikari.HikariDataSource       : HikariPool-1 - Starting...
2024-09-09T12:51:12.467+09:00  INFO 11236 --- [main] com.zaxxer.hikari.pool.HikariPool        : HikariPool-1 - Added connection com.mysql.cj.jdbc.ConnectionImpl@78e68401
2024-09-09T12:51:12.469+09:00  INFO 11236 --- [main] com.zaxxer.hikari.HikariDataSource       : HikariPool-1 - Start completed.
2024-09-09T12:51:12.735+09:00  INFO 11236 --- [main] o.s.b.w.embedded.tomcat.TomcatWebServer  : Tomcat started on port 8080 (http) with context path '/'
2024-09-09T12:51:12.758+09:00  INFO 11236 --- [main] web.AppStart                             : Started AppStart in 3.464 seconds (process running for 3.93)
2024-09-09T12:51:12.908+09:00  INFO 11236 --- [http-nio-8080-exec-1] o.a.c.c.C.[Tomcat].[localhost].[/]       : Initializing Spring DispatcherServlet 'dispatcherServlet'
2024-09-09T12:51:34.793+09:00  INFO 5672 --- [main] web.AppStart                             : Starting AppStart using Java 17.0.11 with PID 5672 (C:\Users\tj-bu-703-008\Desktop\tj_2024A_springpy\build\classes\java\main started by tj-bu-703-008 in C:\Users\tj-bu-703-008\Desktop\tj_2024A_springpy)
2024-09-09T12:51:34.799+09:00  INFO 5672 --- [main] web.AppStart                             : No active profile set, falling back to 1 default profile: "default"
2024-09-09T12:51:35.691+09:00  WARN 5672 --- [main] o.m.s.mapper.ClassPathMapperScanner      : No MyBatis mapper was found in '[web]' package. Please check your configuration.
2024-09-09T12:51:36.299+09:00  INFO 5672 --- [main] o.s.b.w.embedded.tomcat.TomcatWebServer  : Tomcat initialized with port 8080 (http)
2024-09-09T12:51:36.315+09:00  INFO 5672 --- [main] o.apache.catalina.core.StandardService   : Starting service [Tomcat]
2024-09-09T12:51:36.316+09:00  INFO 5672 --- [main] o.apache.catalina.core.StandardEngine    : Starting Servlet engine: [Apache Tomcat/10.1.28]
2024-09-09T12:51:36.405+09:00  INFO 5672 --- [main] o.a.c.c.C.[Tomcat].[localhost].[/]       : Initializing Spring embedded WebApplicationContext
2024-09-09T12:51:36.406+09:00  INFO 5672 --- [main] w.s.c.ServletWebServerApplicationContext : Root WebApplicationContext: initialization completed in 1528 ms
2024-09-09T12:51:37.256+09:00  INFO 5672 --- [main] com.zaxxer.hikari.HikariDataSource       : HikariPool-1 - Starting...
2024-09-09T12:51:37.639+09:00  INFO 5672 --- [main] com.zaxxer.hikari.pool.HikariPool        : HikariPool-1 - Added connection com.mysql.cj.jdbc.ConnectionImpl@251d7fdd
2024-09-09T12:51:37.642+09:00  INFO 5672 --- [main] com.zaxxer.hikari.HikariDataSource       : HikariPool-1 - Start completed.
2024-09-09T12:51:37.868+09:00  INFO 5672 --- [main] o.s.b.w.embedded.tomcat.TomcatWebServer  : Tomcat started on port 8080 (http) with context path '/'
2024-09-09T12:51:37.884+09:00  INFO 5672 --- [main] web.AppStart                             : Started AppStart in 3.652 seconds (process running for 4.166)
2024-09-09T12:51:38.238+09:00  INFO 5672 --- [http-nio-8080-exec-1] o.a.c.c.C.[Tomcat].[localhost].[/]       : Initializing Spring DispatcherServlet 'dispatcherServlet'
2024-09-09T14:51:14.370+09:00  INFO 4828 --- [main] web.AppStart                             : Starting AppStart using Java 17.0.11 with PID 4828 (C:\Users\tj-bu-703-008\Desktop\tj_2024A_springpy\build\classes\java\main started by tj-bu-703-008 in C:\Users\tj-bu-703-008\Desktop\tj_2024A_springpy)
2024-09-09T14:51:14.370+09:00  INFO 4828 --- [main] web.AppStart                             : No active profile set, falling back to 1 default profile: "default"
2024-09-09T14:51:15.467+09:00  WARN 4828 --- [main] o.m.s.mapper.ClassPathMapperScanner      : No MyBatis mapper was found in '[web]' package. Please check your configuration.
2024-09-09T14:51:16.035+09:00  INFO 4828 --- [main] o.s.b.w.embedded.tomcat.TomcatWebServer  : Tomcat initialized with port 8080 (http)
2024-09-09T14:51:16.052+09:00  INFO 4828 --- [main] o.apache.catalina.core.StandardService   : Starting service [Tomcat]
2024-09-09T14:51:16.052+09:00  INFO 4828 --- [main] o.apache.catalina.core.StandardEngine    : Starting Servlet engine: [Apache Tomcat/10.1.28]
2024-09-09T14:51:16.152+09:00  INFO 4828 --- [main] o.a.c.c.C.[Tomcat].[localhost].[/]       : Initializing Spring embedded WebApplicationContext
2024-09-09T14:51:16.152+09:00  INFO 4828 --- [main] w.s.c.ServletWebServerApplicationContext : Root WebApplicationContext: initialization completed in 1714 ms
2024-09-09T14:51:17.189+09:00  INFO 4828 --- [main] com.zaxxer.hikari.HikariDataSource       : HikariPool-1 - Starting...
2024-09-09T14:51:17.597+09:00  INFO 4828 --- [main] com.zaxxer.hikari.pool.HikariPool        : HikariPool-1 - Added connection com.mysql.cj.jdbc.ConnectionImpl@52354202
2024-09-09T14:51:17.597+09:00  INFO 4828 --- [main] com.zaxxer.hikari.HikariDataSource       : HikariPool-1 - Start completed.
2024-09-09T14:51:18.280+09:00  INFO 4828 --- [main] o.s.b.w.embedded.tomcat.TomcatWebServer  : Tomcat started on port 8080 (http) with context path '/'
2024-09-09T14:51:18.442+09:00  INFO 4828 --- [main] web.AppStart                             : Started AppStart in 4.658 seconds (process running for 5.092)
2024-09-09T14:51:21.834+09:00  INFO 4828 --- [http-nio-8080-exec-1] o.a.c.c.C.[Tomcat].[localhost].[/]       : Initializing Spring DispatcherServlet 'dispatcherServlet'
2024-09-09T14:52:01.578+09:00  INFO 5388 --- [main] web.AppStart                             : Starting AppStart using Java 17.0.11 with PID 5388 (C:\Users\tj-bu-703-008\Desktop\tj_2024A_springpy\build\classes\java\main started by tj-bu-703-008 in C:\Users\tj-bu-703-008\Desktop\tj_2024A_springpy)
2024-09-09T14:52:01.595+09:00  INFO 5388 --- [main] web.AppStart                             : No active profile set, falling back to 1 default profile: "default"
2024-09-09T14:52:02.612+09:00  WARN 5388 --- [main] o.m.s.mapper.ClassPathMapperScanner      : No MyBatis mapper was found in '[web]' package. Please check your configuration.
2024-09-09T14:52:03.284+09:00  INFO 5388 --- [main] o.s.b.w.embedded.tomcat.TomcatWebServer  : Tomcat initialized with port 8080 (http)
2024-09-09T14:52:03.300+09:00  INFO 5388 --- [main] o.apache.catalina.core.StandardService   : Starting service [Tomcat]
2024-09-09T14:52:03.300+09:00  INFO 5388 --- [main] o.apache.catalina.core.StandardEngine    : Starting Servlet engine: [Apache Tomcat/10.1.28]
2024-09-09T14:52:03.408+09:00  INFO 5388 --- [main] o.a.c.c.C.[Tomcat].[localhost].[/]       : Initializing Spring embedded WebApplicationContext
2024-09-09T14:52:03.408+09:00  INFO 5388 --- [main] w.s.c.ServletWebServerApplicationContext : Root WebApplicationContext: initialization completed in 1743 ms
2024-09-09T14:52:04.111+09:00  INFO 5388 --- [main] com.zaxxer.hikari.HikariDataSource       : HikariPool-1 - Starting...
2024-09-09T14:52:04.493+09:00  INFO 5388 --- [main] com.zaxxer.hikari.pool.HikariPool        : HikariPool-1 - Added connection com.mysql.cj.jdbc.ConnectionImpl@740b9a50
2024-09-09T14:52:04.499+09:00  INFO 5388 --- [main] com.zaxxer.hikari.HikariDataSource       : HikariPool-1 - Start completed.
2024-09-09T14:52:04.870+09:00  INFO 5388 --- [main] o.s.b.w.embedded.tomcat.TomcatWebServer  : Tomcat started on port 8080 (http) with context path '/'
2024-09-09T14:52:04.884+09:00  INFO 5388 --- [main] web.AppStart                             : Started AppStart in 3.851 seconds (process running for 4.306)
2024-09-09T14:52:05.064+09:00  INFO 5388 --- [http-nio-8080-exec-1] o.a.c.c.C.[Tomcat].[localhost].[/]       : Initializing Spring DispatcherServlet 'dispatcherServlet'
2024-09-09T15:28:39.171+09:00  INFO 8928 --- [main] web.AppStart                             : Starting AppStart using Java 17.0.11 with PID 8928 (C:\Users\tj-bu-703-008\Desktop\tj_2024A_springpy\build\classes\java\main started by tj-bu-703-008 in C:\Users\tj-bu-703-008\Desktop\tj_2024A_springpy)
2024-09-09T15:28:39.187+09:00  INFO 8928 --- [main] web.AppStart                             : No active profile set, falling back to 1 default profile: "default"
2024-09-09T15:28:40.056+09:00  WARN 8928 --- [main] o.m.s.mapper.ClassPathMapperScanner      : No MyBatis mapper was found in '[web]' package. Please check your configuration.
2024-09-09T15:28:40.587+09:00  INFO 8928 --- [main] o.s.b.w.embedded.tomcat.TomcatWebServer  : Tomcat initialized with port 8080 (http)
2024-09-09T15:28:40.603+09:00  INFO 8928 --- [main] o.apache.catalina.core.StandardService   : Starting service [Tomcat]
2024-09-09T15:28:40.603+09:00  INFO 8928 --- [main] o.apache.catalina.core.StandardEngine    : Starting Servlet engine: [Apache Tomcat/10.1.28]
2024-09-09T15:28:40.672+09:00  INFO 8928 --- [main] o.a.c.c.C.[Tomcat].[localhost].[/]       : Initializing Spring embedded WebApplicationContext
2024-09-09T15:28:40.672+09:00  INFO 8928 --- [main] w.s.c.ServletWebServerApplicationContext : Root WebApplicationContext: initialization completed in 1424 ms
2024-09-09T15:28:41.345+09:00  INFO 8928 --- [main] com.zaxxer.hikari.HikariDataSource       : HikariPool-1 - Starting...
2024-09-09T15:28:41.727+09:00  INFO 8928 --- [main] com.zaxxer.hikari.pool.HikariPool        : HikariPool-1 - Added connection com.mysql.cj.jdbc.ConnectionImpl@6c4ce583
2024-09-09T15:28:41.727+09:00  INFO 8928 --- [main] com.zaxxer.hikari.HikariDataSource       : HikariPool-1 - Start completed.
2024-09-09T15:28:41.995+09:00  INFO 8928 --- [main] o.s.b.w.embedded.tomcat.TomcatWebServer  : Tomcat started on port 8080 (http) with context path '/'
2024-09-09T15:28:42.011+09:00  INFO 8928 --- [main] web.AppStart                             : Started AppStart in 3.373 seconds (process running for 3.815)
2024-09-09T15:29:26.352+09:00  INFO 8928 --- [http-nio-8080-exec-1] o.a.c.c.C.[Tomcat].[localhost].[/]       : Initializing Spring DispatcherServlet 'dispatcherServlet'
2024-09-09T15:30:46.934+09:00  INFO 2084 --- [main] web.AppStart                             : Starting AppStart using Java 17.0.11 with PID 2084 (C:\Users\tj-bu-703-008\Desktop\tj_2024A_springpy\build\classes\java\main started by tj-bu-703-008 in C:\Users\tj-bu-703-008\Desktop\tj_2024A_springpy)
2024-09-09T15:30:46.961+09:00  INFO 2084 --- [main] web.AppStart                             : No active profile set, falling back to 1 default profile: "default"
2024-09-09T15:30:47.965+09:00  WARN 2084 --- [main] o.m.s.mapper.ClassPathMapperScanner      : No MyBatis mapper was found in '[web]' package. Please check your configuration.
2024-09-09T15:30:48.528+09:00  INFO 2084 --- [main] o.s.b.w.embedded.tomcat.TomcatWebServer  : Tomcat initialized with port 8080 (http)
2024-09-09T15:30:48.534+09:00  INFO 2084 --- [main] o.apache.catalina.core.StandardService   : Starting service [Tomcat]
2024-09-09T15:30:48.534+09:00  INFO 2084 --- [main] o.apache.catalina.core.StandardEngine    : Starting Servlet engine: [Apache Tomcat/10.1.28]
2024-09-09T15:30:48.634+09:00  INFO 2084 --- [main] o.a.c.c.C.[Tomcat].[localhost].[/]       : Initializing Spring embedded WebApplicationContext
2024-09-09T15:30:48.634+09:00  INFO 2084 --- [main] w.s.c.ServletWebServerApplicationContext : Root WebApplicationContext: initialization completed in 1563 ms
2024-09-09T15:30:49.484+09:00  INFO 2084 --- [main] com.zaxxer.hikari.HikariDataSource       : HikariPool-1 - Starting...
2024-09-09T15:30:49.897+09:00  INFO 2084 --- [main] com.zaxxer.hikari.pool.HikariPool        : HikariPool-1 - Added connection com.mysql.cj.jdbc.ConnectionImpl@2c06b113
2024-09-09T15:30:49.897+09:00  INFO 2084 --- [main] com.zaxxer.hikari.HikariDataSource       : HikariPool-1 - Start completed.
2024-09-09T15:30:50.164+09:00  INFO 2084 --- [main] o.s.b.w.embedded.tomcat.TomcatWebServer  : Tomcat started on port 8080 (http) with context path '/'
2024-09-09T15:30:50.230+09:00  INFO 2084 --- [main] web.AppStart                             : Started AppStart in 3.85 seconds (process running for 4.277)
2024-09-09T15:30:50.314+09:00  INFO 2084 --- [http-nio-8080-exec-1] o.a.c.c.C.[Tomcat].[localhost].[/]       : Initializing Spring DispatcherServlet 'dispatcherServlet'
